При использовании сервисных аккаунтов рекомендуется:
для назначения сервисного аккаунта на виртуальную машину и получения токена использовать сервис метаданных;
настроить на виртуальной машине локальный файрвол;
обеспечить безопасное хранение и управление ключами сервисного аккаунта;
следовать принципу минимальных привилегий и назначать сервисному аккаунту только те роли, которые необходимы для работы приложения;
следовать принципу минимальных привилегий и в отношении доступа к самому сервисному аккаунту, то есть выдавать роли на него минимальному кругу пользователей и только при необходимости.
-- Использование сервисных аккаунтов ---

Если система должна соответствовать требованиям PCI DSS, то при разработке модели доступа для создаваемой инфраструктуры рекомендуется использовать следующий подход:
все ресурсы, которые входят в область соответствия PCI DSS, нужно поместить в отдельное облако;
группы ресурсов, которые требуют разного административного доступа, помещаются в разные каталоги (например, DMZ, security, backoffice и т.д.).
общие ресурсы (например, сеть и группы безопасности) помещают в отдельный каталог для разделяемых ресурсов.
--- Использование ресурсной модели  ---

Еще одна важная роль — это billing.accounts.owner, которая автоматически
выдается при создании платежного аккаунта и не может быть переназначена
 другому пользователю. Она позволяет выполнять любые действия с платежным аккаунтом.
  Роль billing.accounts.owner может быть назначена только аккаунту Яндекс ID.
  Аккаунт с этой ролью используется при настройке способов оплаты и подключении облаков.
Наиболее правильным подходом можно считать отказ от регулярного использования аккаунта с этой ролью, то есть его нужно использовать только при первоначальной настройке и при внесении изменений. На время активного использования этого аккаунта включите двухфакторную аутентификацию (2FA) в Яндекс ID. Затем, если вы не используете способ оплаты банковской картой (доступный только для данной роли), назначьте этому аккаунту сложный пароль, сгенерированный с помощью специализированного ПО, отключите 2FA и не используйте этот аккаунт без необходимости.


Роли admin на облака, каталоги и платежные аккаунты рекомендуется назначать только федеративным учетным записям. При этом число таких учетных записей должно быть минимально необходимым, а потребность пользователей в такой роли следует регулярно перепроверять.


resource-manager.clouds.owner.
Она позволяет выполнять любые операции с облаком и ресурсами в нем, а также выдавать доступ другим пользователям путем назначения и отзыва ролей.
Если ваша компания использует федерацию удостоверений, то рекомендуется назначить
эту роль одному или нескольким сотрудникам. Их федеративные аккаунты должны быть надежно защищены с помощью:
	двухфакторной аутентификации;
	запрета на аутентификацию с посторонних устройств;
	мониторинга попыток входа и заданных порогов предупреждений.


К привилегированным пользователям относятся учетные записи со следующими ролями:
resource-manager.clouds.owner;
billing.accounts.owner;
роль admin, назначенная всему облаку;
роль admin, назначенная каталогу;
роль admin, назначенная платежному аккаунту.


-- правление привилегированными пользователями ---
###  Лучшие практики по работе с учетными записями