# Удаление таблицы

python

# Запуск операции Scan
python SeriesTableScan.py

# Поиск по ключам партицирования и сортировки
python SeriesQuery.py

# Удаление записи
python SeriesItemDelete.py  # не сработала !!

# Обновление записи
python SeriesItemUpdate.py

# Чтение записи
python SeriesItemGet.py

# Работа с записями
# Создание записи



# Первоначальная загрузка данных
python SeriesLoadData

python SeriesCreateTable.py

------ test application ----

# Удалите созданную таблицу
aws dynamodb delete-table \
    --table-name docapitest/series \
    --endpoint $ENDPOINT

# Для того чтобы выбрать данные из таблицы series по ключу series_id, выполните следующую команду:
aws dynamodb query \
    --table-name docapitest/series \
    --key-condition-expression "series_id = :name" \
    --expression-attribute-values '{":name":{"N":"2"}}' \
    --endpoint $ENDPOINT

# Для того чтобы прочитать данные из таблицы, выполните команду
aws dynamodb get-item --consistent-read \
    --table-name docapitest/series \
    --key '{"series_id": {"N": "1"}, "title": {"S": "IT Crowd"}}' \
    --endpoint $ENDPOINT

# и команды
aws dynamodb put-item \
    --table-name docapitest/series \
    --item '{"series_id": {"N": "2"}, "title": {"S": "Silicon Valley"}, "series_info": {"S": "Silicon Valley is an American comedy television series created by Mike Judge, John Altschuler and Dave Krinsky."}, "release_date": {"S": "2014-04-06"}}' \
    --endpoint $ENDPOINT

# Добавьте в таблицу две строки c помощью команды
aws dynamodb put-item \
    --table-name docapitest/series \
    --item '{"series_id": {"N": "1"}, "title": {"S": "IT Crowd"}, "series_info": {"S": "The IT Crowd is a British sitcom produced by Channel 4, written by Graham Linehan, produced by Ash Atalla and starring Chris ODowd, Richard Ayoade, Katherine Parkinson, and Matt Berry."}, "release_date": {"S": "2006-02-03"}}' \
    --endpoint $ENDPOINT

# Создайте таблицу с помощью команды:
aws dynamodb create-table \
--table-name docapitest/series \
--attribute-definitions \
AttributeName=series_id,AttributeType=N \
AttributeName=title,AttributeType=S \
--key-schema \
AttributeName=series_id,KeyType=HASH \
AttributeName=title,KeyType=RANGE \
--endpoint $ENDPOINT


# использую сервисный аккаунт
service-account-for-cf

  access_key = "SF6Nl3uPH7Oi3YxKnPnB"
  secret_key = "35aoVpqFYXKjZ6n4_-_4zXpPQ3QAfQznITaO2T-d"